Running: /opt/Xilinx/14.7/ISE_DS/ISE/bin/lin64/unwrapped/fuse -intstyle ise -incremental -lib secureip -o /home/ise/Desktop/lab2_apks_25/uart_testbench_isim_beh.exe -prj /home/ise/Desktop/lab2_apks_25/uart_testbench_beh.prj work.uart_testbench 
ISim P.20131013 (signature 0xfbc00daa)
Number of CPUs detected in this system: 4
Turning on mult-threading, number of parallel sub-compilation jobs: 8 
Determining compilation order of HDL files
Parsing VHDL file "/home/ise/Desktop/lab2_apks_25/baud_rate_generator.vhd" into library work
Parsing VHDL file "/home/ise/Desktop/lab2_apks_25/uart_rx.vhd" into library work
Parsing VHDL file "/home/ise/Desktop/lab2_apks_25/uart_testbench.vhd" into library work
Starting static elaboration
Completed static elaboration
Fuse Memory Usage: 97024 KB
Fuse CPU Usage: 5520 ms
Compiling package standard
Compiling package std_logic_1164
Compiling package numeric_std
Compiling architecture behavioral of entity baud_rate_generator [\baud_rate_generator(50000000,96...]
Compiling architecture behavioral of entity uart_rx [\uart_rx(50000000,9600)\]
Compiling architecture behavior of entity uart_testbench
Time Resolution for simulation is 1ps.
Compiled 8 VHDL Units
Built simulation executable /home/ise/Desktop/lab2_apks_25/uart_testbench_isim_beh.exe
Fuse Memory Usage: 666600 KB
Fuse CPU Usage: 6450 ms
GCC CPU Usage: 12130 ms
